C:/Ruby34-x64/lib/ruby/3.4.0/win32/registry.rb:2: warning: fiddle/import is found in fiddle, which will no longer be part of the default gems starting from Ruby 3.5.0.
You can add fiddle to your Gemfile or gemspec to silence this warning.
To use retry middleware with Faraday v2.0+, install `faraday-retry` gem
[31m  Liquid Exception:  in /_layouts/single.html[0m
W:/CV/JiaqiTian.github.io/vendor/bundle/ruby/3.4.0/gems/jekyll-3.10.0/lib/jekyll/tags/include.rb:199:in 'IO.read': Interrupt
	from W:/CV/JiaqiTian.github.io/vendor/bundle/ruby/3.4.0/gems/jekyll-3.10.0/lib/jekyll/tags/include.rb:199:in 'Jekyll::Tags::IncludeTag#read_file'
	from W:/CV/JiaqiTian.github.io/vendor/bundle/ruby/3.4.0/gems/jekyll-3.10.0/lib/jekyll/tags/include.rb:174:in 'Jekyll::Tags::IncludeTag#load_cached_partial'
	from W:/CV/JiaqiTian.github.io/vendor/bundle/ruby/3.4.0/gems/jekyll-3.10.0/lib/jekyll/tags/include.rb:135:in 'Jekyll::Tags::IncludeTag#render'
	from W:/CV/JiaqiTian.github.io/vendor/bundle/ruby/3.4.0/gems/liquid-4.0.4/lib/liquid/block_body.rb:103:in 'Liquid::BlockBody#render_node_to_output'
	from W:/CV/JiaqiTian.github.io/vendor/bundle/ruby/3.4.0/gems/liquid-4.0.4/lib/liquid/block_body.rb:91:in 'Liquid::BlockBody#render'
	from W:/CV/JiaqiTian.github.io/vendor/bundle/ruby/3.4.0/gems/liquid-4.0.4/lib/liquid/tags/for.rb:160:in 'block (2 levels) in Liquid::For#render_segment'
	from W:/CV/JiaqiTian.github.io/vendor/bundle/ruby/3.4.0/gems/liquid-4.0.4/lib/liquid/tags/for.rb:158:in 'Array#each'
	from W:/CV/JiaqiTian.github.io/vendor/bundle/ruby/3.4.0/gems/liquid-4.0.4/lib/liquid/tags/for.rb:158:in 'block in Liquid::For#render_segment'
	from W:/CV/JiaqiTian.github.io/vendor/bundle/ruby/3.4.0/gems/liquid-4.0.4/lib/liquid/context.rb:123:in 'Liquid::Context#stack'
	from W:/CV/JiaqiTian.github.io/vendor/bundle/ruby/3.4.0/gems/liquid-4.0.4/lib/liquid/tags/for.rb:150:in 'Liquid::For#render_segment'
	from W:/CV/JiaqiTian.github.io/vendor/bundle/ruby/3.4.0/gems/liquid-4.0.4/lib/liquid/tags/for.rb:79:in 'Liquid::For#render'
	from W:/CV/JiaqiTian.github.io/vendor/bundle/ruby/3.4.0/gems/liquid-4.0.4/lib/liquid/block_body.rb:103:in 'Liquid::BlockBody#render_node_to_output'
	from W:/CV/JiaqiTian.github.io/vendor/bundle/ruby/3.4.0/gems/liquid-4.0.4/lib/liquid/block_body.rb:82:in 'Liquid::BlockBody#render'
	from W:/CV/JiaqiTian.github.io/vendor/bundle/ruby/3.4.0/gems/liquid-4.0.4/lib/liquid/tags/if.rb:46:in 'block (2 levels) in Liquid::If#render'
	from W:/CV/JiaqiTian.github.io/vendor/bundle/ruby/3.4.0/gems/liquid-4.0.4/lib/liquid/tags/if.rb:44:in 'Array#each'
	from W:/CV/JiaqiTian.github.io/vendor/bundle/ruby/3.4.0/gems/liquid-4.0.4/lib/liquid/tags/if.rb:44:in 'block in Liquid::If#render'
	from W:/CV/JiaqiTian.github.io/vendor/bundle/ruby/3.4.0/gems/liquid-4.0.4/lib/liquid/context.rb:123:in 'Liquid::Context#stack'
	from W:/CV/JiaqiTian.github.io/vendor/bundle/ruby/3.4.0/gems/liquid-4.0.4/lib/liquid/tags/if.rb:43:in 'Liquid::If#render'
	from W:/CV/JiaqiTian.github.io/vendor/bundle/ruby/3.4.0/gems/liquid-4.0.4/lib/liquid/block_body.rb:103:in 'Liquid::BlockBody#render_node_to_output'
	from W:/CV/JiaqiTian.github.io/vendor/bundle/ruby/3.4.0/gems/liquid-4.0.4/lib/liquid/block_body.rb:82:in 'Liquid::BlockBody#render'
	from W:/CV/JiaqiTian.github.io/vendor/bundle/ruby/3.4.0/gems/liquid-4.0.4/lib/liquid/template.rb:206:in 'block in Liquid::Template#render'
	from W:/CV/JiaqiTian.github.io/vendor/bundle/ruby/3.4.0/gems/liquid-4.0.4/lib/liquid/template.rb:240:in 'Liquid::Template#with_profiling'
	from W:/CV/JiaqiTian.github.io/vendor/bundle/ruby/3.4.0/gems/liquid-4.0.4/lib/liquid/template.rb:205:in 'Liquid::Template#render'
	from W:/CV/JiaqiTian.github.io/vendor/bundle/ruby/3.4.0/gems/liquid-4.0.4/lib/liquid/template.rb:218:in 'Liquid::Template#render!'
	from W:/CV/JiaqiTian.github.io/vendor/bundle/ruby/3.4.0/gems/jekyll-3.10.0/lib/jekyll/liquid_renderer/file.rb:30:in 'block (2 levels) in Jekyll::LiquidRenderer::File#render!'
	from W:/CV/JiaqiTian.github.io/vendor/bundle/ruby/3.4.0/gems/jekyll-3.10.0/lib/jekyll/liquid_renderer/file.rb:42:in 'Jekyll::LiquidRenderer::File#measure_bytes'
	from W:/CV/JiaqiTian.github.io/vendor/bundle/ruby/3.4.0/gems/jekyll-3.10.0/lib/jekyll/liquid_renderer/file.rb:29:in 'block in Jekyll::LiquidRenderer::File#render!'
	from W:/CV/JiaqiTian.github.io/vendor/bundle/ruby/3.4.0/gems/jekyll-3.10.0/lib/jekyll/liquid_renderer/file.rb:49:in 'Jekyll::LiquidRenderer::File#measure_time'
	from W:/CV/JiaqiTian.github.io/vendor/bundle/ruby/3.4.0/gems/jekyll-3.10.0/lib/jekyll/liquid_renderer/file.rb:28:in 'Jekyll::LiquidRenderer::File#render!'
	from W:/CV/JiaqiTian.github.io/vendor/bundle/ruby/3.4.0/gems/jekyll-3.10.0/lib/jekyll/renderer.rb:126:in 'Jekyll::Renderer#render_liquid'
	from W:/CV/JiaqiTian.github.io/vendor/bundle/ruby/3.4.0/gems/jekyll-3.10.0/lib/jekyll/renderer.rb:195:in 'Jekyll::Renderer#render_layout'
	from W:/CV/JiaqiTian.github.io/vendor/bundle/ruby/3.4.0/gems/jekyll-3.10.0/lib/jekyll/renderer.rb:158:in 'Jekyll::Renderer#place_in_layouts'
	from W:/CV/JiaqiTian.github.io/vendor/bundle/ruby/3.4.0/gems/jekyll-3.10.0/lib/jekyll/renderer.rb:88:in 'Jekyll::Renderer#render_document'
	from W:/CV/JiaqiTian.github.io/vendor/bundle/ruby/3.4.0/gems/jekyll-3.10.0/lib/jekyll/renderer.rb:62:in 'Jekyll::Renderer#run'
	from W:/CV/JiaqiTian.github.io/vendor/bundle/ruby/3.4.0/gems/jekyll-3.10.0/lib/jekyll/site.rb:479:in 'Jekyll::Site#render_regenerated'
	from W:/CV/JiaqiTian.github.io/vendor/bundle/ruby/3.4.0/gems/jekyll-3.10.0/lib/jekyll/site.rb:464:in 'block (2 levels) in Jekyll::Site#render_docs'
	from W:/CV/JiaqiTian.github.io/vendor/bundle/ruby/3.4.0/gems/jekyll-3.10.0/lib/jekyll/site.rb:463:in 'Array#each'
	from W:/CV/JiaqiTian.github.io/vendor/bundle/ruby/3.4.0/gems/jekyll-3.10.0/lib/jekyll/site.rb:463:in 'block in Jekyll::Site#render_docs'
	from W:/CV/JiaqiTian.github.io/vendor/bundle/ruby/3.4.0/gems/jekyll-3.10.0/lib/jekyll/site.rb:462:in 'Hash#each_value'
	from W:/CV/JiaqiTian.github.io/vendor/bundle/ruby/3.4.0/gems/jekyll-3.10.0/lib/jekyll/site.rb:462:in 'Jekyll::Site#render_docs'
	from W:/CV/JiaqiTian.github.io/vendor/bundle/ruby/3.4.0/gems/jekyll-3.10.0/lib/jekyll/site.rb:191:in 'Jekyll::Site#render'
	from W:/CV/JiaqiTian.github.io/vendor/bundle/ruby/3.4.0/gems/jekyll-3.10.0/lib/jekyll/site.rb:71:in 'Jekyll::Site#process'
	from W:/CV/JiaqiTian.github.io/vendor/bundle/ruby/3.4.0/gems/jekyll-3.10.0/lib/jekyll/command.rb:28:in 'Jekyll::Command.process_site'
	from W:/CV/JiaqiTian.github.io/vendor/bundle/ruby/3.4.0/gems/jekyll-3.10.0/lib/jekyll/commands/build.rb:65:in 'Jekyll::Commands::Build.build'
	from W:/CV/JiaqiTian.github.io/vendor/bundle/ruby/3.4.0/gems/jekyll-3.10.0/lib/jekyll/commands/build.rb:36:in 'Jekyll::Commands::Build.process'
	from W:/CV/JiaqiTian.github.io/vendor/bundle/ruby/3.4.0/gems/jekyll-3.10.0/lib/jekyll/commands/serve.rb:93:in 'block in Jekyll::Commands::Serve.start'
	from W:/CV/JiaqiTian.github.io/vendor/bundle/ruby/3.4.0/gems/jekyll-3.10.0/lib/jekyll/commands/serve.rb:93:in 'Array#each'
	from W:/CV/JiaqiTian.github.io/vendor/bundle/ruby/3.4.0/gems/jekyll-3.10.0/lib/jekyll/commands/serve.rb:93:in 'Jekyll::Commands::Serve.start'
	from W:/CV/JiaqiTian.github.io/vendor/bundle/ruby/3.4.0/gems/jekyll-3.10.0/lib/jekyll/commands/serve.rb:75:in 'block (2 levels) in Jekyll::Commands::Serve.init_with_program'
	from W:/CV/JiaqiTian.github.io/vendor/bundle/ruby/3.4.0/gems/mercenary-0.3.6/lib/mercenary/command.rb:220:in 'block in Mercenary::Command#execute'
	from W:/CV/JiaqiTian.github.io/vendor/bundle/ruby/3.4.0/gems/mercenary-0.3.6/lib/mercenary/command.rb:220:in 'Array#each'
	from W:/CV/JiaqiTian.github.io/vendor/bundle/ruby/3.4.0/gems/mercenary-0.3.6/lib/mercenary/command.rb:220:in 'Mercenary::Command#execute'
	from W:/CV/JiaqiTian.github.io/vendor/bundle/ruby/3.4.0/gems/mercenary-0.3.6/lib/mercenary/program.rb:42:in 'Mercenary::Program#go'
	from W:/CV/JiaqiTian.github.io/vendor/bundle/ruby/3.4.0/gems/mercenary-0.3.6/lib/mercenary.rb:19:in 'Mercenary.program'
	from W:/CV/JiaqiTian.github.io/vendor/bundle/ruby/3.4.0/gems/jekyll-3.10.0/exe/jekyll:15:in '<top (required)>'
	from C:/Users/HP/AppData/Local/Microsoft/WindowsApps/jekyll:25:in 'Kernel#load'
	from C:/Users/HP/AppData/Local/Microsoft/WindowsApps/jekyll:25:in '<top (required)>'
	from C:/Users/HP/.local/share/gem/ruby/3.4.0/gems/bundler-4.0.1/lib/bundler/cli/exec.rb:61:in 'Kernel.load'
	from C:/Users/HP/.local/share/gem/ruby/3.4.0/gems/bundler-4.0.1/lib/bundler/cli/exec.rb:61:in 'Bundler::CLI::Exec#kernel_load'
	from C:/Users/HP/.local/share/gem/ruby/3.4.0/gems/bundler-4.0.1/lib/bundler/cli/exec.rb:24:in 'Bundler::CLI::Exec#run'
	from C:/Users/HP/.local/share/gem/ruby/3.4.0/gems/bundler-4.0.1/lib/bundler/cli.rb:500:in 'Bundler::CLI#exec'
	from C:/Users/HP/.local/share/gem/ruby/3.4.0/gems/bundler-4.0.1/lib/bundler/vendor/thor/lib/thor/command.rb:28:in 'Bundler::Thor::Command#run'
	from C:/Users/HP/.local/share/gem/ruby/3.4.0/gems/bundler-4.0.1/lib/bundler/vendor/thor/lib/thor/invocation.rb:127:in 'Bundler::Thor::Invocation#invoke_command'
	from C:/Users/HP/.local/share/gem/ruby/3.4.0/gems/bundler-4.0.1/lib/bundler/vendor/thor/lib/thor.rb:538:in 'Bundler::Thor.dispatch'
	from C:/Users/HP/.local/share/gem/ruby/3.4.0/gems/bundler-4.0.1/lib/bundler/cli.rb:35:in 'Bundler::CLI.dispatch'
	from C:/Users/HP/.local/share/gem/ruby/3.4.0/gems/bundler-4.0.1/lib/bundler/vendor/thor/lib/thor/base.rb:584:in 'Bundler::Thor::Base::ClassMethods#start'
	from C:/Users/HP/.local/share/gem/ruby/3.4.0/gems/bundler-4.0.1/lib/bundler/cli.rb:29:in 'Bundler::CLI.start'
	from C:/Users/HP/.local/share/gem/ruby/3.4.0/gems/bundler-4.0.1/exe/bundle:28:in 'block in <top (required)>'
	from C:/Users/HP/.local/share/gem/ruby/3.4.0/gems/bundler-4.0.1/lib/bundler/friendly_errors.rb:118:in 'Bundler.with_friendly_errors'
	from C:/Users/HP/.local/share/gem/ruby/3.4.0/gems/bundler-4.0.1/exe/bundle:20:in '<top (required)>'
	from C:/Ruby34-x64/bin/bundle:33:in 'Kernel#load'
	from C:/Ruby34-x64/bin/bundle:33:in '<main>'
